# JRE version: OpenJDK Runtime Environment JBR-11.0.9.11-1145.21-jcef (11.0.9+11) (build 11.0.9+11-b1145.21)
# Java VM: OpenJDK 64-Bit Server VM JBR-11.0.9.11-1145.21-jcef (11.0.9+11-b1145.21, mixed mode, tiered, compressed oops, g1 gc, windows-amd64)
Heap:
 garbage-first heap   total 122880K, used 16486K [0x0000000089200000, 0x0000000100000000)
  region size 1024K, 14 young (14336K), 2 survivors (2048K)
 Metaspace       used 19128K, capacity 19482K, committed 19712K, reserved 1067008K
  class space    used 2080K, capacity 2223K, committed 2304K, reserved 1048576K
GC Heap History (6 events):
Event: 2.141 GC heap before
{Heap before GC invocations=0 (full 0):
 garbage-first heap   total 122880K, used 13312K [0x0000000089200000, 0x0000000100000000)
  region size 1024K, 14 young (14336K), 0 survivors (0K)
 Metaspace       used 11610K, capacity 11907K, committed 12032K, reserved 1060864K
  class space    used 1101K, capacity 1204K, committed 1280K, reserved 1048576K
}
Event: 2.148 GC heap after
{Heap after GC invocations=1 (full 0):
 garbage-first heap   total 122880K, used 3530K [0x0000000089200000, 0x0000000100000000)
  region size 1024K, 2 young (2048K), 2 survivors (2048K)
 Metaspace       used 11610K, capacity 11907K, committed 12032K, reserved 1060864K
  class space    used 1101K, capacity 1204K, committed 1280K, reserved 1048576K
}
Event: 2.393 GC heap before
{Heap before GC invocations=1 (full 0):
 garbage-first heap   total 122880K, used 13770K [0x0000000089200000, 0x0000000100000000)
  region size 1024K, 12 young (12288K), 2 survivors (2048K)
 Metaspace       used 13676K, capacity 13967K, committed 14080K, reserved 1062912K
  class space    used 1381K, capacity 1464K, committed 1536K, reserved 1048576K
}
Event: 2.399 GC heap after
{Heap after GC invocations=2 (full 0):
 garbage-first heap   total 122880K, used 4279K [0x0000000089200000, 0x0000000100000000)
  region size 1024K, 1 young (1024K), 1 survivors (1024K)
 Metaspace       used 13676K, capacity 13967K, committed 14080K, reserved 1062912K
  class space    used 1381K, capacity 1464K, committed 1536K, reserved 1048576K
}
Event: 3.137 GC heap before
{Heap before GC invocations=2 (full 0):
 garbage-first heap   total 122880K, used 32951K [0x0000000089200000, 0x0000000100000000)
  region size 1024K, 29 young (29696K), 1 survivors (1024K)
 Metaspace       used 17291K, capacity 17546K, committed 17920K, reserved 1064960K
  class space    used 1830K, capacity 1927K, committed 2048K, reserved 1048576K
}
Event: 3.140 GC heap after
{Heap after GC invocations=3 (full 0):
 garbage-first heap   total 122880K, used 5222K [0x0000000089200000, 0x0000000100000000)
  region size 1024K, 2 young (2048K), 2 survivors (2048K)
 Metaspace       used 17291K, capacity 17546K, committed 17920K, reserved 1064960K
  class space    used 1830K, capacity 1927K, committed 2048K, reserved 1048576K
}

